<?xml version="1.0" encoding="UTF-8"?>
<!-- Generated by org.testng.reporters.JUnitReportReporter -->
<testsuite hostname="DATTA-PC" failures="0" tests="1" name="TestRunner.Run" time="31.936" errors="0" timestamp="2025-01-04T17:23:27 IST" skipped="0">
  <testcase classname="TestRunner.Run" name="runScenario" time="31.936"/>
</testsuite> <!-- TestRunner.Run -->
